# JRE version: OpenJDK Runtime Environment (11.0.10) (build 11.0.10+0-b96-7249189)
# Java VM: OpenJDK 64-Bit Server VM (11.0.10+0-b96-7249189, mixed mode, tiered, compressed oops, g1 gc, windows-amd64)
Heap:
 garbage-first heap   total 194560K, used 109943K [0x0000000080000000, 0x0000000100000000)
  region size 1024K, 52 young (53248K), 6 survivors (6144K)
 Metaspace       used 80827K, capacity 83230K, committed 83384K, reserved 1122304K
  class space    used 10180K, capacity 10989K, committed 11124K, reserved 1048576K
GC Heap History (20 events):
Event: 3.894 GC heap before
{Heap before GC invocations=3 (full 0):
 garbage-first heap   total 194560K, used 49193K [0x0000000080000000, 0x0000000100000000)
  region size 1024K, 44 young (45056K), 11 survivors (11264K)
 Metaspace       used 24623K, capacity 25224K, committed 25344K, reserved 1071104K
  class space    used 3065K, capacity 3255K, committed 3328K, reserved 1048576K
}
Event: 3.900 GC heap after
{Heap after GC invocations=4 (full 0):
 garbage-first heap   total 194560K, used 17275K [0x0000000080000000, 0x0000000100000000)
  region size 1024K, 2 young (2048K), 2 survivors (2048K)
 Metaspace       used 24623K, capacity 25224K, committed 25344K, reserved 1071104K
  class space    used 3065K, capacity 3255K, committed 3328K, reserved 1048576K
}
Event: 4.889 GC heap before
{Heap before GC invocations=4 (full 0):
 garbage-first heap   total 194560K, used 78715K [0x0000000080000000, 0x0000000100000000)
  region size 1024K, 63 young (64512K), 2 survivors (2048K)
 Metaspace       used 34797K, capacity 35494K, committed 35628K, reserved 1081344K
  class space    used 4418K, capacity 4682K, committed 4736K, reserved 1048576K
}
Event: 4.897 GC heap after
{Heap after GC invocations=5 (full 0):
 garbage-first heap   total 194560K, used 21005K [0x0000000080000000, 0x0000000100000000)
  region size 1024K, 6 young (6144K), 6 survivors (6144K)
 Metaspace       used 34797K, capacity 35494K, committed 35628K, reserved 1081344K
  class space    used 4418K, capacity 4682K, committed 4736K, reserved 1048576K
}
Event: 6.012 GC heap before
{Heap before GC invocations=6 (full 0):
 garbage-first heap   total 194560K, used 111117K [0x0000000080000000, 0x0000000100000000)
  region size 1024K, 92 young (94208K), 6 survivors (6144K)
 Metaspace       used 42245K, capacity 43327K, committed 43564K, reserved 1087488K
  class space    used 5405K, capacity 5742K, committed 5760K, reserved 1048576K
}
Event: 6.019 GC heap after
{Heap after GC invocations=7 (full 0):
 garbage-first heap   total 194560K, used 26474K [0x0000000080000000, 0x0000000100000000)
  region size 1024K, 11 young (11264K), 11 survivors (11264K)
 Metaspace       used 42245K, capacity 43327K, committed 43564K, reserved 1087488K
  class space    used 5405K, capacity 5742K, committed 5760K, reserved 1048576K
}
Event: 7.426 GC heap before
{Heap before GC invocations=7 (full 0):
 garbage-first heap   total 194560K, used 122730K [0x0000000080000000, 0x0000000100000000)
  region size 1024K, 103 young (105472K), 11 survivors (11264K)
 Metaspace       used 51872K, capacity 53338K, committed 53676K, reserved 1095680K
  class space    used 6567K, capacity 7045K, committed 7168K, reserved 1048576K
}
Event: 7.435 GC heap after
{Heap after GC invocations=8 (full 0):
 garbage-first heap   total 194560K, used 37463K [0x0000000080000000, 0x0000000100000000)
  region size 1024K, 13 young (13312K), 13 survivors (13312K)
 Metaspace       used 51872K, capacity 53338K, committed 53676K, reserved 1095680K
  class space    used 6567K, capacity 7045K, committed 7168K, reserved 1048576K
}
Event: 8.102 GC heap before
{Heap before GC invocations=8 (full 0):
 garbage-first heap   total 194560K, used 95831K [0x0000000080000000, 0x0000000100000000)
  region size 1024K, 71 young (72704K), 13 survivors (13312K)
 Metaspace       used 58208K, capacity 59712K, committed 59808K, reserved 1101824K
  class space    used 7348K, capacity 7838K, committed 7924K, reserved 1048576K
}
Event: 8.116 GC heap after
{Heap after GC invocations=9 (full 0):
 garbage-first heap   total 194560K, used 43295K [0x0000000080000000, 0x0000000100000000)
  region size 1024K, 6 young (6144K), 6 survivors (6144K)
 Metaspace       used 58208K, capacity 59712K, committed 59808K, reserved 1101824K
  class space    used 7348K, capacity 7838K, committed 7924K, reserved 1048576K
}
Event: 9.124 GC heap before
{Heap before GC invocations=10 (full 0):
 garbage-first heap   total 194560K, used 124191K [0x0000000080000000, 0x0000000100000000)
  region size 1024K, 85 young (87040K), 6 survivors (6144K)
 Metaspace       used 66734K, capacity 68566K, committed 68792K, reserved 1110016K
  class space    used 8628K, capacity 9244K, committed 9332K, reserved 1048576K
}
Event: 9.139 GC heap after
{Heap after GC invocations=11 (full 0):
 garbage-first heap   total 194560K, used 48970K [0x0000000080000000, 0x0000000100000000)
  region size 1024K, 11 young (11264K), 11 survivors (11264K)
 Metaspace       used 66734K, capacity 68566K, committed 68792K, reserved 1110016K
  class space    used 8628K, capacity 9244K, committed 9332K, reserved 1048576K
}
Event: 10.152 GC heap before
{Heap before GC invocations=12 (full 0):
 garbage-first heap   total 194560K, used 129866K [0x0000000080000000, 0x0000000100000000)
  region size 1024K, 91 young (93184K), 11 survivors (11264K)
 Metaspace       used 73500K, capacity 75654K, committed 75832K, reserved 1114112K
  class space    used 9652K, capacity 10422K, committed 10484K, reserved 1048576K
}
Event: 10.161 GC heap after
{Heap after GC invocations=13 (full 0):
 garbage-first heap   total 194560K, used 54769K [0x0000000080000000, 0x0000000100000000)
  region size 1024K, 7 young (7168K), 7 survivors (7168K)
 Metaspace       used 73500K, capacity 75654K, committed 75832K, reserved 1114112K
  class space    used 9652K, capacity 10422K, committed 10484K, reserved 1048576K
}
Event: 10.882 GC heap before
{Heap before GC invocations=13 (full 0):
 garbage-first heap   total 194560K, used 135665K [0x0000000080000000, 0x0000000100000000)
  region size 1024K, 87 young (89088K), 7 survivors (7168K)
 Metaspace       used 74719K, capacity 76956K, committed 77240K, reserved 1116160K
  class space    used 9722K, capacity 10496K, committed 10612K, reserved 1048576K
}
Event: 10.888 GC heap after
{Heap after GC invocations=14 (full 0):
 garbage-first heap   total 194560K, used 60119K [0x0000000080000000, 0x0000000100000000)
  region size 1024K, 11 young (11264K), 11 survivors (11264K)
 Metaspace       used 74719K, capacity 76956K, committed 77240K, reserved 1116160K
  class space    used 9722K, capacity 10496K, committed 10612K, reserved 1048576K
}
Event: 47.316 GC heap before
{Heap before GC invocations=14 (full 0):
 garbage-first heap   total 194560K, used 142039K [0x0000000080000000, 0x0000000100000000)
  region size 1024K, 92 young (94208K), 11 survivors (11264K)
 Metaspace       used 78932K, capacity 81267K, committed 81592K, reserved 1120256K
  class space    used 9983K, capacity 10762K, committed 10868K, reserved 1048576K
}
Event: 47.325 GC heap after
{Heap after GC invocations=15 (full 0):
 garbage-first heap   total 194560K, used 65335K [0x0000000080000000, 0x0000000100000000)
  region size 1024K, 12 young (12288K), 12 survivors (12288K)
 Metaspace       used 78932K, capacity 81267K, committed 81592K, reserved 1120256K
  class space    used 9983K, capacity 10762K, committed 10868K, reserved 1048576K
}
Event: 66.861 GC heap before
{Heap before GC invocations=15 (full 0):
 garbage-first heap   total 194560K, used 145207K [0x0000000080000000, 0x0000000100000000)
  region size 1024K, 91 young (93184K), 12 survivors (12288K)
 Metaspace       used 79495K, capacity 81828K, committed 82104K, reserved 1120256K
  class space    used 9995K, capacity 10779K, committed 10868K, reserved 1048576K
}
Event: 66.868 GC heap after
{Heap after GC invocations=16 (full 0):
 garbage-first heap   total 194560K, used 64887K [0x0000000080000000, 0x0000000100000000)
  region size 1024K, 6 young (6144K), 6 survivors (6144K)
 Metaspace       used 79495K, capacity 81828K, committed 82104K, reserved 1120256K
  class space    used 9995K, capacity 10779K, committed 10868K, reserved 1048576K
}

